	c
	w1
	0----00
	0100-0-

	c
	x1
	001--01
	01---10
	011--1-

	c
	y1
	00-1-01
	0-1--10
	010--11
	0011-1-

	c
	z1
	1-11111
	11--11-
	111-1--
	1111-11
	0--1-10
	0---101
	0010-11
	-1-11-1
	011--01
	0-0111-
	010-1-1
	0101--1

	c
	p
	0-00--1
	00----1
	0----1-

	c
	w0
	1111001
	1101011
	1001111
	110010-
	111-010
	111001-
	-10-100
	101-110
	1011101
	101011-
	0----00

	c
	x0
	1111111
	-100011
	10110-1
	-001011
	0111-01
	01110-1
	010111-
	001011-
	11--000
	11-000-
	110-0-0
	110-00-
	10--100
	10-010-
	100-10-
	10001--
	101-01-
	0---110
	100-1-0

	c
	y0
	1-01001
	1001-01
	101--00
	1011011
	1010-0-
	100--10
	01-1011
	0-01011
	0010-11
	001-111
	111-110
	1111101
	-101111
	1-0-010
	1-1-000
	-110001
	-100011
	-000111
	0110-01
	-110111
	1000-1-

	c
	z0
	-010-11
	1--0--1
	0---110
	01-1011
	0-01011
	001-11-
	1--1--0
	011-101
	010-011
	01011-1
	00-011-
	-1101-1



Pin	Señal	Col	Fila	Hay	Usadas
1	-	0	-	-	-
2	M	4	-	-	-
3	A	8	-	-	-
4	B	12	-	-	-
5	C	16	-	-	-
6	D	20	-	-	-
7	E	24	-	-	-
8	F	28	-	-	-
9	-	32	-	-	-
10	-	36	-	-	-
11	-	40	-	-	-
13	-	42	-	-	-
14	-	38	122	9	0
15	-	34	111	11	0
16	-	30	98	13	0
17	z0	26	83	15	12
18	w0	22	66	17	11
19	p	18	49	17	3
20	z1	14	34	15	12
21	y1	10	21	13	4
22	x1	6	10	11	3
23	w1	2	1	9	2
25	-	-	0	1	0
26	-	-	131	1	0


BOOLE-DEUSTO 
type: GAL22V10*
QP24*
QF5828*
QV0*
G0*
F0*
L0044 11 11 11 11 11 11 11 11 11 11 11 11 11 11 11 11 11 11 11 11 11 11 *
L0088 11 11 10 11 11 11 11 11 11 11 11 11 10 11 10 11 11 11 11 11 11 11 *
L0132 11 11 10 11 01 11 10 11 10 11 11 11 10 11 11 11 11 11 11 11 11 11 *
L0440 11 11 11 11 11 11 11 11 11 11 11 11 11 11 11 11 11 11 11 11 11 11 *
L0484 11 11 10 11 10 11 01 11 11 11 11 11 10 11 01 11 11 11 11 11 11 11 *
L0528 11 11 10 11 01 11 11 11 11 11 11 11 01 11 10 11 11 11 11 11 11 11 *
L0572 11 11 10 11 01 11 01 11 11 11 11 11 01 11 11 11 11 11 11 11 11 11 *
L0924 11 11 11 11 11 11 11 11 11 11 11 11 11 11 11 11 11 11 11 11 11 11 *
L0968 11 11 10 11 10 11 11 11 01 11 11 11 10 11 01 11 11 11 11 11 11 11 *
L1012 11 11 10 11 11 11 01 11 11 11 11 11 01 11 10 11 11 11 11 11 11 11 *
L1056 11 11 10 11 01 11 10 11 11 11 11 11 01 11 01 11 11 11 11 11 11 11 *
L1100 11 11 10 11 10 11 01 11 01 11 11 11 01 11 11 11 11 11 11 11 11 11 *
L1496 11 11 11 11 11 11 11 11 11 11 11 11 11 11 11 11 11 11 11 11 11 11 *
L1540 11 11 01 11 11 11 01 11 01 11 01 11 01 11 01 11 11 11 11 11 11 11 *
L1584 11 11 01 11 01 11 11 11 11 11 01 11 01 11 11 11 11 11 11 11 11 11 *
L1628 11 11 01 11 01 11 01 11 11 11 01 11 11 11 11 11 11 11 11 11 11 11 *
L1672 11 11 01 11 01 11 01 11 01 11 11 11 01 11 01 11 11 11 11 11 11 11 *
L1716 11 11 10 11 11 11 11 11 01 11 11 11 01 11 10 11 11 11 11 11 11 11 *
L1760 11 11 10 11 11 11 11 11 11 11 01 11 10 11 01 11 11 11 11 11 11 11 *
L1804 11 11 10 11 10 11 01 11 10 11 11 11 01 11 01 11 11 11 11 11 11 11 *
L1848 11 11 11 11 01 11 11 11 01 11 01 11 11 11 01 11 11 11 11 11 11 11 *
L1892 11 11 10 11 01 11 01 11 11 11 11 11 10 11 01 11 11 11 11 11 11 11 *
L1936 11 11 10 11 11 11 10 11 01 11 01 11 01 11 11 11 11 11 11 11 11 11 *
L1980 11 11 10 11 01 11 10 11 11 11 01 11 11 11 01 11 11 11 11 11 11 11 *
L2024 11 11 10 11 01 11 10 11 01 11 11 11 11 11 01 11 11 11 11 11 11 11 *
L2156 11 11 11 11 11 11 11 11 11 11 11 11 11 11 11 11 11 11 11 11 11 11 *
L2200 11 11 10 11 11 11 10 11 10 11 11 11 11 11 01 11 11 11 11 11 11 11 *
L2244 11 11 10 11 10 11 11 11 11 11 11 11 11 11 01 11 11 11 11 11 11 11 *
L2288 11 11 10 11 11 11 11 11 11 11 11 11 01 11 11 11 11 11 11 11 11 11 *
L2904 11 11 11 11 11 11 11 11 11 11 11 11 11 11 11 11 11 11 11 11 11 11 *
L2948 11 11 01 11 01 11 01 11 01 11 10 11 10 11 01 11 11 11 11 11 11 11 *
L2992 11 11 01 11 01 11 10 11 01 11 10 11 01 11 01 11 11 11 11 11 11 11 *
L3036 11 11 01 11 10 11 10 11 01 11 01 11 01 11 01 11 11 11 11 11 11 11 *
L3080 11 11 01 11 01 11 10 11 10 11 01 11 10 11 11 11 11 11 11 11 11 11 *
L3124 11 11 01 11 01 11 01 11 11 11 10 11 01 11 10 11 11 11 11 11 11 11 *
L3168 11 11 01 11 01 11 01 11 10 11 10 11 01 11 11 11 11 11 11 11 11 11 *
L3212 11 11 11 11 01 11 10 11 11 11 01 11 10 11 10 11 11 11 11 11 11 11 *
L3256 11 11 01 11 10 11 01 11 11 11 01 11 01 11 10 11 11 11 11 11 11 11 *
L3300 11 11 01 11 10 11 01 11 01 11 01 11 10 11 01 11 11 11 11 11 11 11 *
L3344 11 11 01 11 10 11 01 11 10 11 01 11 01 11 11 11 11 11 11 11 11 11 *
L3388 11 11 10 11 11 11 11 11 11 11 11 11 10 11 10 11 11 11 11 11 11 11 *
L3652 11 11 11 11 11 11 11 11 11 11 11 11 11 11 11 11 11 11 11 11 11 11 *
L3696 11 11 11 11 10 11 01 11 10 11 11 11 01 11 01 11 11 11 11 11 11 11 *
L3740 11 11 01 11 11 11 11 11 10 11 11 11 11 11 01 11 11 11 11 11 11 11 *
L3784 11 11 10 11 11 11 11 11 11 11 01 11 01 11 10 11 11 11 11 11 11 11 *
L3828 11 11 10 11 01 11 11 11 01 11 10 11 01 11 01 11 11 11 11 11 11 11 *
L3872 11 11 10 11 11 11 10 11 01 11 10 11 01 11 01 11 11 11 11 11 11 11 *
L3916 11 11 10 11 10 11 01 11 11 11 01 11 01 11 11 11 11 11 11 11 11 11 *
L3960 11 11 01 11 11 11 11 11 01 11 11 11 11 11 10 11 11 11 11 11 11 11 *
L4004 11 11 10 11 01 11 01 11 11 11 01 11 10 11 01 11 11 11 11 11 11 11 *
L4048 11 11 10 11 01 11 10 11 11 11 10 11 01 11 01 11 11 11 11 11 11 11 *
L4092 11 11 10 11 01 11 10 11 01 11 01 11 11 11 01 11 11 11 11 11 11 11 *
L4136 11 11 10 11 10 11 11 11 10 11 01 11 01 11 11 11 11 11 11 11 11 11 *
L4180 11 11 11 11 01 11 01 11 10 11 01 11 11 11 01 11 11 11 11 11 11 11 *
L5808 11 11 11 11 11 11 11 11 11 11 *
C2012*
BC9E