	c
	A
	00-0
	1-11
	-101
	0-01
	1-00

	c
	B
	-1-1
	10-0
	001-

	c
	C
	10--
	--11
	-0-0
	010-

	c
	D
	-0-0
	000-
	11--

	c
	E
	-1-0
	--01
	1---

	c
	F
	0-01
	1--0
	000-

	c
	G
	0--0
	1--1
	0-0-
	-10-



Pin	Señal	Col	Fila	Hay	Usadas
1	-	0	-	-	-
2	w	4	-	-	-
3	x	8	-	-	-
4	y	12	-	-	-
5	z	16	-	-	-
6	-	20	-	-	-
7	-	24	-	-	-
8	-	28	-	-	-
9	-	32	-	-	-
10	-	36	-	-	-
11	-	40	-	-	-
13	-	42	-	-	-
14	-	38	122	9	0
15	-	34	111	11	0
16	-	30	98	13	0
17	G	26	83	15	4
18	F	22	66	17	3
19	E	18	49	17	3
20	D	14	34	15	3
21	C	10	21	13	4
22	B	6	10	11	3
23	A	2	1	9	5
25	-	-	0	1	0
26	-	-	131	1	0


BOOLE-DEUSTO 
type: GAL22V10*
QP24*
QF5828*
QV0*
G0*
F0*
L0044 11 11 11 11 11 11 11 11 11 11 11 11 11 11 11 11 11 11 11 11 11 11 *
L0088 11 11 10 11 10 11 11 11 10 11 11 11 11 11 11 11 11 11 11 11 11 11 *
L0132 11 11 01 11 11 11 01 11 01 11 11 11 11 11 11 11 11 11 11 11 11 11 *
L0176 11 11 11 11 01 11 10 11 01 11 11 11 11 11 11 11 11 11 11 11 11 11 *
L0220 11 11 10 11 11 11 10 11 01 11 11 11 11 11 11 11 11 11 11 11 11 11 *
L0264 11 11 01 11 11 11 10 11 10 11 11 11 11 11 11 11 11 11 11 11 11 11 *
L0440 11 11 11 11 11 11 11 11 11 11 11 11 11 11 11 11 11 11 11 11 11 11 *
L0484 11 11 11 11 01 11 11 11 01 11 11 11 11 11 11 11 11 11 11 11 11 11 *
L0528 11 11 01 11 10 11 11 11 10 11 11 11 11 11 11 11 11 11 11 11 11 11 *
L0572 11 11 10 11 10 11 01 11 11 11 11 11 11 11 11 11 11 11 11 11 11 11 *
L0924 11 11 11 11 11 11 11 11 11 11 11 11 11 11 11 11 11 11 11 11 11 11 *
L0968 11 11 01 11 10 11 11 11 11 11 11 11 11 11 11 11 11 11 11 11 11 11 *
L1012 11 11 11 11 11 11 01 11 01 11 11 11 11 11 11 11 11 11 11 11 11 11 *
L1056 11 11 11 11 10 11 11 11 10 11 11 11 11 11 11 11 11 11 11 11 11 11 *
L1100 11 11 10 11 01 11 10 11 11 11 11 11 11 11 11 11 11 11 11 11 11 11 *
L1496 11 11 11 11 11 11 11 11 11 11 11 11 11 11 11 11 11 11 11 11 11 11 *
L1540 11 11 11 11 10 11 11 11 10 11 11 11 11 11 11 11 11 11 11 11 11 11 *
L1584 11 11 10 11 10 11 10 11 11 11 11 11 11 11 11 11 11 11 11 11 11 11 *
L1628 11 11 01 11 01 11 11 11 11 11 11 11 11 11 11 11 11 11 11 11 11 11 *
L2156 11 11 11 11 11 11 11 11 11 11 11 11 11 11 11 11 11 11 11 11 11 11 *
L2200 11 11 11 11 01 11 11 11 10 11 11 11 11 11 11 11 11 11 11 11 11 11 *
L2244 11 11 11 11 11 11 10 11 01 11 11 11 11 11 11 11 11 11 11 11 11 11 *
L2288 11 11 01 11 11 11 11 11 11 11 11 11 11 11 11 11 11 11 11 11 11 11 *
L2904 11 11 11 11 11 11 11 11 11 11 11 11 11 11 11 11 11 11 11 11 11 11 *
L2948 11 11 10 11 11 11 10 11 01 11 11 11 11 11 11 11 11 11 11 11 11 11 *
L2992 11 11 01 11 11 11 11 11 10 11 11 11 11 11 11 11 11 11 11 11 11 11 *
L3036 11 11 10 11 10 11 10 11 11 11 11 11 11 11 11 11 11 11 11 11 11 11 *
L3652 11 11 11 11 11 11 11 11 11 11 11 11 11 11 11 11 11 11 11 11 11 11 *
L3696 11 11 10 11 11 11 11 11 10 11 11 11 11 11 11 11 11 11 11 11 11 11 *
L3740 11 11 01 11 11 11 11 11 01 11 11 11 11 11 11 11 11 11 11 11 11 11 *
L3784 11 11 10 11 11 11 10 11 11 11 11 11 11 11 11 11 11 11 11 11 11 11 *
L3828 11 11 11 11 01 11 10 11 11 11 11 11 11 11 11 11 11 11 11 11 11 11 *
L5808 11 11 11 11 11 11 11 11 11 11 *
CAF87*
A81D