	c
	JA
	----

	c
	KA
	---1
	1-0-
	0-1-

	c
	JB
	----

	c
	KB
	11--
	---0
	00--

	c
	JC
	1-0-
	0-1-

	c
	KC
	001-
	1-0-



Pin	Señal	Col	Fila	Hay	Usadas
1	-	0	-	-	-
2	x	4	-	-	-
3	QA	8	-	-	-
4	QB	12	-	-	-
5	QC	16	-	-	-
6	-	20	-	-	-
7	-	24	-	-	-
8	-	28	-	-	-
9	-	32	-	-	-
10	-	36	-	-	-
11	-	40	-	-	-
13	-	42	-	-	-
14	-	38	122	9	0
15	-	34	111	11	0
16	-	30	98	13	0
17	-	26	83	15	0
18	KC	22	66	17	2
19	JC	18	49	17	2
20	KB	14	34	15	3
21	JB	10	21	13	1
22	KA	6	10	11	3
23	JA	2	1	9	1
25	-	-	0	1	0
26	-	-	131	1	0


BOOLE-DEUSTO 
type: GAL22V10*
QP24*
QF5828*
QV0*
G0*
F0*
L0044 11 11 11 11 11 11 11 11 11 11 11 11 11 11 11 11 11 11 11 11 11 11 *
L0088 11 11 11 11 11 11 11 11 11 11 11 11 11 11 11 11 11 11 11 11 11 11 *
L0440 11 11 11 11 11 11 11 11 11 11 11 11 11 11 11 11 11 11 11 11 11 11 *
L0484 11 11 11 11 11 11 11 11 01 11 11 11 11 11 11 11 11 11 11 11 11 11 *
L0528 11 11 01 11 11 11 10 11 11 11 11 11 11 11 11 11 11 11 11 11 11 11 *
L0572 11 11 10 11 11 11 01 11 11 11 11 11 11 11 11 11 11 11 11 11 11 11 *
L0924 11 11 11 11 11 11 11 11 11 11 11 11 11 11 11 11 11 11 11 11 11 11 *
L0968 11 11 11 11 11 11 11 11 11 11 11 11 11 11 11 11 11 11 11 11 11 11 *
L1496 11 11 11 11 11 11 11 11 11 11 11 11 11 11 11 11 11 11 11 11 11 11 *
L1540 11 11 01 11 01 11 11 11 11 11 11 11 11 11 11 11 11 11 11 11 11 11 *
L1584 11 11 11 11 11 11 11 11 10 11 11 11 11 11 11 11 11 11 11 11 11 11 *
L1628 11 11 10 11 10 11 11 11 11 11 11 11 11 11 11 11 11 11 11 11 11 11 *
L2156 11 11 11 11 11 11 11 11 11 11 11 11 11 11 11 11 11 11 11 11 11 11 *
L2200 11 11 01 11 11 11 10 11 11 11 11 11 11 11 11 11 11 11 11 11 11 11 *
L2244 11 11 10 11 11 11 01 11 11 11 11 11 11 11 11 11 11 11 11 11 11 11 *
L2904 11 11 11 11 11 11 11 11 11 11 11 11 11 11 11 11 11 11 11 11 11 11 *
L2948 11 11 10 11 10 11 01 11 11 11 11 11 11 11 11 11 11 11 11 11 11 11 *
L2992 11 11 01 11 11 11 10 11 11 11 11 11 11 11 11 11 11 11 11 11 11 11 *
L5808 11 11 11 11 11 11 11 11 11 11 *
C63AC*
F7DD